This file contains any messages produced by compilers while
running configure, to aid debugging if configure makes a mistake.

It was created by C Algorithms configure 1.2.0, which was
generated by GNU Autoconf 2.69.  Invocation command line was

  $ ./configure 

## --------- ##
## Platform. ##
## --------- ##

hostname = CV0026989N2
uname -m = i686
uname -r = 1.7.29(0.272/5/3)
uname -s = CYGWIN_NT-6.1
uname -v = 2014-04-07 13:44

/usr/bin/uname -p = unknown
/bin/uname -X     = unknown

/bin/arch              = i686
/usr/bin/arch -k       = unknown
/usr/convex/getsysinfo = unknown
/usr/bin/hostinfo      = unknown
/bin/machine           = unknown
/usr/bin/oslevel       = unknown
/bin/universe          = unknown

PATH: /home/kavonm/bin
PATH: /usr/lib/lightdm/lightdm
PATH: /usr/local/sbin
PATH: /usr/local/bin
PATH: /usr/local/lib
PATH: /usr/sbin
PATH: /usr/bin
PATH: /sbin
PATH: /bin
PATH: /usr/game
PATH: /usr/local/prozilla/bin


## ----------- ##
## Core tests. ##
## ----------- ##

configure:2304: checking for a BSD-compatible install
configure:2372: result: /usr/bin/install -c
configure:2383: checking whether build environment is sane
configure:2438: result: yes
configure:2589: checking for a thread-safe mkdir -p
configure:2628: result: /usr/bin/mkdir -p
configure:2635: checking for gawk
configure:2651: found /usr/bin/gawk
configure:2662: result: gawk
configure:2673: checking whether make sets $(MAKE)
configure:2695: result: yes
configure:2724: checking whether make supports nested variables
configure:2741: result: yes
configure:2907: checking for gcc
configure:2923: found /usr/bin/gcc
configure:2934: result: gcc
configure:3163: checking for C compiler version
configure:3172: gcc --version >&5
gcc (GCC) 4.8.2
Copyright (C) 2013 Free Software Foundation, Inc.
This is free software; see the source for copying conditions.  There is NO
warranty; not even for MERCHANTABILITY or FITNESS FOR A PARTICULAR PURPOSE.

configure:3183: $? = 0
configure:3172: gcc -v >&5
Using built-in specs.
COLLECT_GCC=gcc
COLLECT_LTO_WRAPPER=/usr/lib/gcc/i686-pc-cygwin/4.8.2/lto-wrapper.exe
Target: i686-pc-cygwin
Configured with: /cygdrive/i/szsz/tmpp/gcc4/gcc-4.8.2-2/src/gcc-4.8.2/configure --srcdir=/cygdrive/i/szsz/tmpp/gcc4/gcc-4.8.2-2/src/gcc-4.8.2 --prefix=/usr --exec-prefix=/usr --bindir=/usr/bin --sbindir=/usr/sbin --libexecdir=/usr/libexec --datadir=/usr/share --localstatedir=/var --sysconfdir=/etc --libdir=/usr/lib --datarootdir=/usr/share --docdir=/usr/share/doc/gcc --htmldir=/usr/share/doc/gcc/html -C --build=i686-pc-cygwin --host=i686-pc-cygwin --target=i686-pc-cygwin --without-libiconv-prefix --without-libintl-prefix --enable-shared --enable-shared-libgcc --enable-static --enable-version-specific-runtime-libs --enable-bootstrap --disable-__cxa_atexit --with-dwarf2 --with-arch=i686 --with-tune=generic --disable-sjlj-exceptions --enable-languages=ada,c,c++,fortran,java,lto,objc,obj-c++ --enable-graphite --enable-threads=posix --enable-libatomic --enable-libgomp --disable-libitm --enable-libquadmath --enable-libquadmath-support --enable-libssp --enable-libada --enable-libjava --enable-libgcj-sublibs --disable-java-awt --disable-symvers --with-ecj-jar=/usr/share/java/ecj.jar --with-gnu-ld --with-gnu-as --with-cloog-include=/usr/include/cloog-isl --without-libiconv-prefix --without-libintl-prefix --with-system-zlib --libexecdir=/usr/lib
Thread model: posix
gcc version 4.8.2 (GCC) 
configure:3183: $? = 0
configure:3172: gcc -V >&5
gcc: error: unrecognized command line option '-V'
gcc: fatal error: no input files
compilation terminated.
configure:3183: $? = 1
configure:3172: gcc -qversion >&5
gcc: error: unrecognized command line option '-qversion'
gcc: fatal error: no input files
compilation terminated.
configure:3183: $? = 1
configure:3203: checking whether the C compiler works
configure:3225: gcc    conftest.c  >&5
configure:3229: $? = 0
configure:3277: result: yes
configure:3280: checking for C compiler default output file name
configure:3282: result: a.exe
configure:3288: checking for suffix of executables
configure:3295: gcc -o conftest.exe    conftest.c  >&5
configure:3299: $? = 0
configure:3321: result: .exe
configure:3343: checking whether we are cross compiling
configure:3351: gcc -o conftest.exe    conftest.c  >&5
configure:3355: $? = 0
configure:3362: ./conftest.exe
configure:3366: $? = 0
configure:3381: result: no
configure:3386: checking for suffix of object files
configure:3408: gcc -c   conftest.c >&5
configure:3412: $? = 0
configure:3433: result: o
configure:3437: checking whether we are using the GNU C compiler
configure:3456: gcc -c   conftest.c >&5
configure:3456: $? = 0
configure:3465: result: yes
configure:3474: checking whether gcc accepts -g
configure:3494: gcc -c -g  conftest.c >&5
configure:3494: $? = 0
configure:3535: result: yes
configure:3552: checking for gcc option to accept ISO C89
configure:3615: gcc  -c -g -O2  conftest.c >&5
configure:3615: $? = 0
configure:3628: result: none needed
configure:3653: checking whether gcc understands -c and -o together
configure:3675: gcc -c conftest.c -o conftest2.o
configure:3678: $? = 0
configure:3675: gcc -c conftest.c -o conftest2.o
configure:3678: $? = 0
configure:3690: result: yes
configure:3718: checking for style of include used by make
configure:3746: result: GNU
configure:3772: checking dependency style of gcc
configure:3883: result: gcc3
configure:3956: checking for g++
configure:3972: found /usr/bin/g++
configure:3983: result: g++
configure:4010: checking for C++ compiler version
configure:4019: g++ --version >&5
g++ (GCC) 4.8.3
Copyright (C) 2013 Free Software Foundation, Inc.
This is free software; see the source for copying conditions.  There is NO
warranty; not even for MERCHANTABILITY or FITNESS FOR A PARTICULAR PURPOSE.

configure:4030: $? = 0
configure:4019: g++ -v >&5
Using built-in specs.
COLLECT_GCC=g++
Target: i686-pc-cygwin
Configured with: /cygdrive/i/szsz/tmpp/gcc4/gcc-4.8.3-1/src/gcc-4.8.3/configure --srcdir=/cygdrive/i/szsz/tmpp/gcc4/gcc-4.8.3-1/src/gcc-4.8.3 --prefix=/usr --exec-prefix=/usr --bindir=/usr/bin --sbindir=/usr/sbin --libexecdir=/usr/libexec --datadir=/usr/share --localstatedir=/var --sysconfdir=/etc --libdir=/usr/lib --datarootdir=/usr/share --docdir=/usr/share/doc/gcc --htmldir=/usr/share/doc/gcc/html -C --build=i686-pc-cygwin --host=i686-pc-cygwin --target=i686-pc-cygwin --without-libiconv-prefix --without-libintl-prefix --enable-shared --enable-shared-libgcc --enable-static --enable-version-specific-runtime-libs --enable-bootstrap --disable-__cxa_atexit --with-dwarf2 --with-arch=i686 --with-tune=generic --disable-sjlj-exceptions --enable-languages=ada,c,c++,fortran,java,lto,objc,obj-c++ --enable-graphite --enable-threads=posix --enable-libatomic --enable-libgomp --disable-libitm --enable-libquadmath --enable-libquadmath-support --enable-libssp --enable-libada --enable-libjava --enable-libgcj-sublibs --disable-java-awt --disable-symvers --with-ecj-jar=/usr/share/java/ecj.jar --with-gnu-ld --with-gnu-as --with-cloog-include=/usr/include/cloog-isl --without-libiconv-prefix --without-libintl-prefix --with-system-zlib --libexecdir=/usr/lib
Thread model: posix
gcc version 4.8.3 (GCC) 
configure:4030: $? = 0
configure:4019: g++ -V >&5
g++: error: unrecognized command line option '-V'
g++: fatal error: no input files
compilation terminated.
configure:4030: $? = 1
configure:4019: g++ -qversion >&5
g++: error: unrecognized command line option '-qversion'
g++: fatal error: no input files
compilation terminated.
configure:4030: $? = 1
configure:4034: checking whether we are using the GNU C++ compiler
configure:4053: g++ -c   conftest.cpp >&5
configure:4053: $? = 0
configure:4062: result: yes
configure:4071: checking whether g++ accepts -g
configure:4091: g++ -c -g  conftest.cpp >&5
configure:4091: $? = 0
configure:4132: result: yes
configure:4157: checking dependency style of g++
configure:4268: result: gcc3
configure:4312: checking build system type
configure:4326: result: i686-pc-cygwin
configure:4346: checking host system type
configure:4359: result: i686-pc-cygwin
configure:4400: checking how to print strings
configure:4427: result: printf
configure:4448: checking for a sed that does not truncate output
configure:4512: result: /usr/bin/sed
configure:4530: checking for grep that handles long lines and -e
configure:4588: result: /usr/bin/grep
configure:4593: checking for egrep
configure:4655: result: /usr/bin/grep -E
configure:4660: checking for fgrep
configure:4722: result: /usr/bin/grep -F
configure:4757: checking for ld used by gcc
configure:4824: result: /usr/i686-pc-cygwin/bin/ld.exe
configure:4831: checking if the linker (/usr/i686-pc-cygwin/bin/ld.exe) is GNU ld
configure:4846: result: yes
configure:4858: checking for BSD- or MS-compatible name lister (nm)
configure:4907: result: /usr/bin/nm -B
configure:5037: checking the name lister (/usr/bin/nm -B) interface
configure:5044: gcc -c -g -O2  conftest.c >&5
configure:5047: /usr/bin/nm -B "conftest.o"
configure:5050: output
00000000 b .bss
00000000 d .data
00000000 N .debug_abbrev
00000000 N .debug_aranges
00000000 N .debug_info
00000000 N .debug_line
00000000 r .rdata$zzz
00000000 t .text
00000000 B _some_variable
configure:5057: result: BSD nm
configure:5060: checking whether ln -s works
configure:5064: result: yes
configure:5072: checking the maximum length of command line arguments
configure:5202: result: 8192
configure:5219: checking whether the shell understands some XSI constructs
configure:5229: result: yes
configure:5233: checking whether the shell understands "+="
configure:5239: result: yes
configure:5274: checking how to convert i686-pc-cygwin file names to i686-pc-cygwin format
configure:5314: result: func_convert_file_noop
configure:5321: checking how to convert i686-pc-cygwin file names to toolchain format
configure:5341: result: func_convert_file_noop
configure:5348: checking for /usr/i686-pc-cygwin/bin/ld.exe option to reload object files
configure:5355: result: -r
configure:5429: checking for objdump
configure:5445: found /usr/bin/objdump
configure:5456: result: objdump
configure:5488: checking how to recognize dependent libraries
configure:5690: result: file_magic ^x86 archive import|^x86 DLL
configure:5775: checking for dlltool
configure:5791: found /usr/bin/dlltool
configure:5802: result: dlltool
configure:5835: checking how to associate runtime and link libraries
configure:5862: result: func_cygming_dll_for_implib
configure:5923: checking for ar
configure:5939: found /usr/bin/ar
configure:5950: result: ar
configure:5987: checking for archiver @FILE support
configure:6004: gcc -c -g -O2  conftest.c >&5
configure:6004: $? = 0
configure:6007: ar cru libconftest.a @conftest.lst >&5
configure:6010: $? = 0
configure:6015: ar cru libconftest.a @conftest.lst >&5
ar: conftest.o: No such file or directory
configure:6018: $? = 1
configure:6030: result: @
configure:6088: checking for strip
configure:6104: found /usr/bin/strip
configure:6115: result: strip
configure:6187: checking for ranlib
configure:6203: found /usr/bin/ranlib
configure:6214: result: ranlib
configure:6316: checking command to parse /usr/bin/nm -B output from gcc object
configure:6436: gcc -c -g -O2  conftest.c >&5
configure:6439: $? = 0
configure:6443: /usr/bin/nm -B conftest.o \| sed -n -e 's/^.*[ ]\([ABCDGIRSTW][ABCDGIRSTW]*\)[ ][ ]*\([_A-Za-z][_A-Za-z0-9]*\)$/\1 \2 \2/p' | sed '/ __gnu_lto/d' \> conftest.nm
configure:6446: $? = 0
cannot find nm_test_var in conftest.nm
configure:6436: gcc -c -g -O2  conftest.c >&5
configure:6439: $? = 0
configure:6443: /usr/bin/nm -B conftest.o \| sed -n -e 's/^.*[ ]\([ABCDGIRSTW][ABCDGIRSTW]*\)[ ][ ]*_\([_A-Za-z][_A-Za-z0-9]*\)$/\1 _\2 \2/p' | sed '/ __gnu_lto/d' \> conftest.nm
configure:6446: $? = 0
configure:6512: gcc -o conftest.exe -g -O2   conftest.c conftstm.o >&5
configure:6515: $? = 0
configure:6553: result: ok
configure:6590: checking for sysroot
configure:6620: result: no
configure:6876: checking for mt
configure:6906: result: no
configure:6926: checking if : is a manifest tool
configure:6932: : '-?'
configure:6940: result: no
configure:7582: checking how to run the C preprocessor
configure:7613: gcc -E  conftest.c
configure:7613: $? = 0
configure:7627: gcc -E  conftest.c
conftest.c:9:28: fatal error: ac_nonexistent.h: No such file or directory
 #include <ac_nonexistent.h>
                            ^
compilation terminated.
configure:7627: $? = 1
configure: failed program was:
| /* confdefs.h */
| #define PACKAGE_NAME "C Algorithms"
| #define PACKAGE_TARNAME "c-algorithms"
| #define PACKAGE_VERSION "1.2.0"
| #define PACKAGE_STRING "C Algorithms 1.2.0"
| #define PACKAGE_BUGREPORT "fraggle@users.sourceforge.net"
| #define PACKAGE_URL ""
| /* end confdefs.h.  */
| #include <ac_nonexistent.h>
configure:7652: result: gcc -E
configure:7672: gcc -E  conftest.c
configure:7672: $? = 0
configure:7686: gcc -E  conftest.c
conftest.c:9:28: fatal error: ac_nonexistent.h: No such file or directory
 #include <ac_nonexistent.h>
                            ^
compilation terminated.
configure:7686: $? = 1
configure: failed program was:
| /* confdefs.h */
| #define PACKAGE_NAME "C Algorithms"
| #define PACKAGE_TARNAME "c-algorithms"
| #define PACKAGE_VERSION "1.2.0"
| #define PACKAGE_STRING "C Algorithms 1.2.0"
| #define PACKAGE_BUGREPORT "fraggle@users.sourceforge.net"
| #define PACKAGE_URL ""
| /* end confdefs.h.  */
| #include <ac_nonexistent.h>
configure:7715: checking for ANSI C header files
configure:7735: gcc -c -g -O2  conftest.c >&5
configure:7735: $? = 0
configure:7808: gcc -o conftest.exe -g -O2   conftest.c  >&5
configure:7808: $? = 0
configure:7808: ./conftest.exe
configure:7808: $? = 0
configure:7819: result: yes
configure:7832: checking for sys/types.h
configure:7832: gcc -c -g -O2  conftest.c >&5
configure:7832: $? = 0
configure:7832: result: yes
configure:7832: checking for sys/stat.h
configure:7832: gcc -c -g -O2  conftest.c >&5
configure:7832: $? = 0
configure:7832: result: yes
configure:7832: checking for stdlib.h
configure:7832: gcc -c -g -O2  conftest.c >&5
configure:7832: $? = 0
configure:7832: result: yes
configure:7832: checking for string.h
configure:7832: gcc -c -g -O2  conftest.c >&5
configure:7832: $? = 0
configure:7832: result: yes
configure:7832: checking for memory.h
configure:7832: gcc -c -g -O2  conftest.c >&5
configure:7832: $? = 0
configure:7832: result: yes
configure:7832: checking for strings.h
configure:7832: gcc -c -g -O2  conftest.c >&5
configure:7832: $? = 0
configure:7832: result: yes
configure:7832: checking for inttypes.h
configure:7832: gcc -c -g -O2  conftest.c >&5
configure:7832: $? = 0
configure:7832: result: yes
configure:7832: checking for stdint.h
configure:7832: gcc -c -g -O2  conftest.c >&5
configure:7832: $? = 0
configure:7832: result: yes
configure:7832: checking for unistd.h
configure:7832: gcc -c -g -O2  conftest.c >&5
configure:7832: $? = 0
configure:7832: result: yes
configure:7846: checking for dlfcn.h
configure:7846: gcc -c -g -O2  conftest.c >&5
configure:7846: $? = 0
configure:7846: result: yes
configure:8063: checking for objdir
configure:8078: result: .libs
configure:8345: checking if gcc supports -fno-rtti -fno-exceptions
configure:8363: gcc -c -g -O2  -fno-rtti -fno-exceptions conftest.c >&5
cc1: warning: command line option '-fno-rtti' is valid for C++/ObjC++ but not for C [enabled by default]
configure:8367: $? = 0
configure:8380: result: no
configure:8707: checking for gcc option to produce PIC
configure:8714: result: -DDLL_EXPORT -DPIC
configure:8722: checking if gcc PIC flag -DDLL_EXPORT -DPIC works
configure:8740: gcc -c -g -O2  -DDLL_EXPORT -DPIC -DPIC conftest.c >&5
configure:8744: $? = 0
configure:8757: result: yes
configure:8786: checking if gcc static flag -static works
configure:8814: result: yes
configure:8829: checking if gcc supports -c -o file.o
configure:8850: gcc -c -g -O2  -o out/conftest2.o conftest.c >&5
configure:8854: $? = 0
configure:8876: result: yes
configure:8884: checking if gcc supports -c -o file.o
configure:8931: result: yes
configure:8964: checking whether the gcc linker (/usr/i686-pc-cygwin/bin/ld.exe) supports shared libraries
configure:10117: result: yes
configure:10154: checking whether -lc should be explicitly linked in
configure:10162: gcc -c -g -O2  conftest.c >&5
configure:10165: $? = 0
configure:10180: gcc -shared conftest.o  -v -o ./conftest -Wl,--enable-auto-image-base -Xlinker --out-implib -Xlinker conftest 2\>\&1 \| /usr/bin/grep  -lc  \>/dev/null 2\>\&1
configure:10183: $? = 1
configure:10197: result: yes
configure:10357: checking dynamic linker characteristics
configure:11090: result: Win32 ld.exe
configure:11197: checking how to hardcode library paths into programs
configure:11222: result: immediate
configure:11762: checking whether stripping libraries is possible
configure:11767: result: yes
configure:11802: checking if libtool supports shared libraries
configure:11804: result: yes
configure:11807: checking whether to build shared libraries
configure:11828: result: yes
configure:11831: checking whether to build static libraries
configure:11835: result: yes
configure:11858: checking how to run the C++ preprocessor
configure:11885: g++ -E  conftest.cpp
configure:11885: $? = 0
configure:11899: g++ -E  conftest.cpp
conftest.cpp:21:28: fatal error: ac_nonexistent.h: No such file or directory
 #include <ac_nonexistent.h>
                            ^
compilation terminated.
configure:11899: $? = 1
configure: failed program was:
| /* confdefs.h */
| #define PACKAGE_NAME "C Algorithms"
| #define PACKAGE_TARNAME "c-algorithms"
| #define PACKAGE_VERSION "1.2.0"
| #define PACKAGE_STRING "C Algorithms 1.2.0"
| #define PACKAGE_BUGREPORT "fraggle@users.sourceforge.net"
| #define PACKAGE_URL ""
| #define STDC_HEADERS 1
| #define HAVE_SYS_TYPES_H 1
| #define HAVE_SYS_STAT_H 1
| #define HAVE_STDLIB_H 1
| #define HAVE_STRING_H 1
| #define HAVE_MEMORY_H 1
| #define HAVE_STRINGS_H 1
| #define HAVE_INTTYPES_H 1
| #define HAVE_STDINT_H 1
| #define HAVE_UNISTD_H 1
| #define HAVE_DLFCN_H 1
| #define LT_OBJDIR ".libs/"
| /* end confdefs.h.  */
| #include <ac_nonexistent.h>
configure:11924: result: g++ -E
configure:11944: g++ -E  conftest.cpp
configure:11944: $? = 0
configure:11958: g++ -E  conftest.cpp
conftest.cpp:21:28: fatal error: ac_nonexistent.h: No such file or directory
 #include <ac_nonexistent.h>
                            ^
compilation terminated.
configure:11958: $? = 1
configure: failed program was:
| /* confdefs.h */
| #define PACKAGE_NAME "C Algorithms"
| #define PACKAGE_TARNAME "c-algorithms"
| #define PACKAGE_VERSION "1.2.0"
| #define PACKAGE_STRING "C Algorithms 1.2.0"
| #define PACKAGE_BUGREPORT "fraggle@users.sourceforge.net"
| #define PACKAGE_URL ""
| #define STDC_HEADERS 1
| #define HAVE_SYS_TYPES_H 1
| #define HAVE_SYS_STAT_H 1
| #define HAVE_STDLIB_H 1
| #define HAVE_STRING_H 1
| #define HAVE_MEMORY_H 1
| #define HAVE_STRINGS_H 1
| #define HAVE_INTTYPES_H 1
| #define HAVE_STDINT_H 1
| #define HAVE_UNISTD_H 1
| #define HAVE_DLFCN_H 1
| #define LT_OBJDIR ".libs/"
| /* end confdefs.h.  */
| #include <ac_nonexistent.h>
configure:12127: checking for ld used by g++
configure:12194: result: /usr/i686-pc-cygwin/bin/ld.exe
configure:12201: checking if the linker (/usr/i686-pc-cygwin/bin/ld.exe) is GNU ld
configure:12216: result: yes
configure:12271: checking whether the g++ linker (/usr/i686-pc-cygwin/bin/ld.exe) supports shared libraries
configure:13276: result: yes
configure:13312: g++ -c -g -O2  conftest.cpp >&5
configure:13315: $? = 0
configure:13835: checking for g++ option to produce PIC
configure:13842: result: -DDLL_EXPORT -DPIC
configure:13850: checking if g++ PIC flag -DDLL_EXPORT -DPIC works
configure:13868: g++ -c -g -O2  -DDLL_EXPORT -DPIC -DPIC conftest.cpp >&5
configure:13872: $? = 0
configure:13885: result: yes
configure:13908: checking if g++ static flag -static works
configure:13936: result: no
configure:13948: checking if g++ supports -c -o file.o
configure:13969: g++ -c -g -O2  -o out/conftest2.o conftest.cpp >&5
configure:13973: $? = 0
configure:13995: result: yes
configure:14000: checking if g++ supports -c -o file.o
configure:14047: result: yes
configure:14077: checking whether the g++ linker (/usr/i686-pc-cygwin/bin/ld.exe) supports shared libraries
configure:14113: result: yes
configure:14254: checking dynamic linker characteristics
configure:14921: result: Win32 ld.exe
configure:14974: checking how to hardcode library paths into programs
configure:14999: result: immediate
configure:15061: checking whether make sets $(MAKE)
configure:15083: result: yes
configure:15312: checking that generated files are newer than configure
configure:15318: result: done
configure:15349: creating ./config.status

## ---------------------- ##
## Running config.status. ##
## ---------------------- ##

This file was extended by C Algorithms config.status 1.2.0, which was
generated by GNU Autoconf 2.69.  Invocation command line was

  CONFIG_FILES    = 
  CONFIG_HEADERS  = 
  CONFIG_LINKS    = 
  CONFIG_COMMANDS = 
  $ ./config.status 

on CV0026989N2

config.status:1170: creating Makefile
config.status:1170: creating libcalg-1.0.pc
config.status:1170: creating doc/Makefile
config.status:1170: creating src/Makefile
config.status:1170: creating test/Makefile
config.status:1170: creating config.h
config.status:1399: executing depfiles commands
config.status:1399: executing libtool commands

## ---------------- ##
## Cache variables. ##
## ---------------- ##

ac_cv_build=i686-pc-cygwin
ac_cv_c_compiler_gnu=yes
ac_cv_cxx_compiler_gnu=yes
ac_cv_env_CCC_set=
ac_cv_env_CCC_value=
ac_cv_env_CC_set=
ac_cv_env_CC_value=
ac_cv_env_CFLAGS_set=
ac_cv_env_CFLAGS_value=
ac_cv_env_CPPFLAGS_set=
ac_cv_env_CPPFLAGS_value=
ac_cv_env_CPP_set=
ac_cv_env_CPP_value=
ac_cv_env_CXXCPP_set=
ac_cv_env_CXXCPP_value=
ac_cv_env_CXXFLAGS_set=
ac_cv_env_CXXFLAGS_value=
ac_cv_env_CXX_set=
ac_cv_env_CXX_value=
ac_cv_env_LDFLAGS_set=
ac_cv_env_LDFLAGS_value=
ac_cv_env_LIBS_set=
ac_cv_env_LIBS_value=
ac_cv_env_build_alias_set=
ac_cv_env_build_alias_value=
ac_cv_env_host_alias_set=
ac_cv_env_host_alias_value=
ac_cv_env_target_alias_set=
ac_cv_env_target_alias_value=
ac_cv_exeext=.exe
ac_cv_header_dlfcn_h=yes
ac_cv_header_inttypes_h=yes
ac_cv_header_memory_h=yes
ac_cv_header_stdc=yes
ac_cv_header_stdint_h=yes
ac_cv_header_stdlib_h=yes
ac_cv_header_string_h=yes
ac_cv_header_strings_h=yes
ac_cv_header_sys_stat_h=yes
ac_cv_header_sys_types_h=yes
ac_cv_header_unistd_h=yes
ac_cv_host=i686-pc-cygwin
ac_cv_objext=o
ac_cv_path_EGREP='/usr/bin/grep -E'
ac_cv_path_FGREP='/usr/bin/grep -F'
ac_cv_path_GREP=/usr/bin/grep
ac_cv_path_SED=/usr/bin/sed
ac_cv_path_install='/usr/bin/install -c'
ac_cv_path_mkdir=/usr/bin/mkdir
ac_cv_prog_AWK=gawk
ac_cv_prog_CPP='gcc -E'
ac_cv_prog_CXXCPP='g++ -E'
ac_cv_prog_ac_ct_AR=ar
ac_cv_prog_ac_ct_CC=gcc
ac_cv_prog_ac_ct_CXX=g++
ac_cv_prog_ac_ct_DLLTOOL=dlltool
ac_cv_prog_ac_ct_OBJDUMP=objdump
ac_cv_prog_ac_ct_RANLIB=ranlib
ac_cv_prog_ac_ct_STRIP=strip
ac_cv_prog_cc_c89=
ac_cv_prog_cc_g=yes
ac_cv_prog_cxx_g=yes
ac_cv_prog_make_make_set=yes
am_cv_CC_dependencies_compiler_type=gcc3
am_cv_CXX_dependencies_compiler_type=gcc3
am_cv_make_support_nested_variables=yes
am_cv_prog_cc_c_o=yes
lt_cv_ar_at_file=@
lt_cv_archive_cmds_need_lc=yes
lt_cv_deplibs_check_method='file_magic ^x86 archive import|^x86 DLL'
lt_cv_file_magic_cmd=func_win32_libid
lt_cv_file_magic_test_file=
lt_cv_ld_reload_flag=-r
lt_cv_nm_interface='BSD nm'
lt_cv_objdir=.libs
lt_cv_path_LD=/usr/i686-pc-cygwin/bin/ld.exe
lt_cv_path_LDCXX=/usr/i686-pc-cygwin/bin/ld.exe
lt_cv_path_NM='/usr/bin/nm -B'
lt_cv_path_mainfest_tool=no
lt_cv_prog_compiler_c_o=yes
lt_cv_prog_compiler_c_o_CXX=yes
lt_cv_prog_compiler_pic='-DDLL_EXPORT -DPIC'
lt_cv_prog_compiler_pic_CXX='-DDLL_EXPORT -DPIC'
lt_cv_prog_compiler_pic_works=yes
lt_cv_prog_compiler_pic_works_CXX=yes
lt_cv_prog_compiler_rtti_exceptions=no
lt_cv_prog_compiler_static_works=yes
lt_cv_prog_compiler_static_works_CXX=no
lt_cv_prog_gnu_ld=yes
lt_cv_prog_gnu_ldcxx=yes
lt_cv_sharedlib_from_linklib_cmd=func_cygming_dll_for_implib
lt_cv_sys_global_symbol_pipe='sed -n -e '\''s/^.*[	 ]\([ABCDGIRSTW][ABCDGIRSTW]*\)[	 ][	 ]*_\([_A-Za-z][_A-Za-z0-9]*\)$/\1 _\2 \2/p'\'' | sed '\''/ __gnu_lto/d'\'''
lt_cv_sys_global_symbol_to_c_name_address='sed -n -e '\''s/^: \([^ ]*\)[ ]*$/  {\"\1\", (void *) 0},/p'\'' -e '\''s/^[ABCDGIRSTW]* \([^ ]*\) \([^ ]*\)$/  {"\2", (void *) \&\2},/p'\'''
lt_cv_sys_global_symbol_to_c_name_address_lib_prefix='sed -n -e '\''s/^: \([^ ]*\)[ ]*$/  {\"\1\", (void *) 0},/p'\'' -e '\''s/^[ABCDGIRSTW]* \([^ ]*\) \(lib[^ ]*\)$/  {"\2", (void *) \&\2},/p'\'' -e '\''s/^[ABCDGIRSTW]* \([^ ]*\) \([^ ]*\)$/  {"lib\2", (void *) \&\2},/p'\'''
lt_cv_sys_global_symbol_to_cdecl='sed -n -e '\''s/^T .* \(.*\)$/extern int \1();/p'\'' -e '\''s/^[ABCDGIRSTW]* .* \(.*\)$/extern char \1;/p'\'''
lt_cv_sys_max_cmd_len=8192
lt_cv_to_host_file_cmd=func_convert_file_noop
lt_cv_to_tool_file_cmd=func_convert_file_noop

## ----------------- ##
## Output variables. ##
## ----------------- ##

ACLOCAL='${SHELL} /cygdrive/e/Dev/git/c-algorithms/autotools/missing aclocal-1.14'
AMDEPBACKSLASH='\'
AMDEP_FALSE='#'
AMDEP_TRUE=''
AMTAR='$${TAR-tar}'
AM_BACKSLASH='\'
AM_DEFAULT_V='$(AM_DEFAULT_VERBOSITY)'
AM_DEFAULT_VERBOSITY='1'
AM_V='$(V)'
AR='ar'
AUTOCONF='${SHELL} /cygdrive/e/Dev/git/c-algorithms/autotools/missing autoconf'
AUTOHEADER='${SHELL} /cygdrive/e/Dev/git/c-algorithms/autotools/missing autoheader'
AUTOMAKE='${SHELL} /cygdrive/e/Dev/git/c-algorithms/autotools/missing automake-1.14'
AWK='gawk'
CC='gcc'
CCDEPMODE='depmode=gcc3'
CFLAGS=''
CPP='gcc -E'
CPPFLAGS=''
CXX='g++'
CXXCPP='g++ -E'
CXXDEPMODE='depmode=gcc3'
CXXFLAGS='-g -O2'
CYGPATH_W='cygpath -w'
DEFS='-DHAVE_CONFIG_H'
DEPDIR='.deps'
DLLTOOL='dlltool'
DSYMUTIL=''
DUMPBIN=''
ECHO_C=''
ECHO_N='-n'
ECHO_T=''
EGREP='/usr/bin/grep -E'
EXEEXT='.exe'
FGREP='/usr/bin/grep -F'
GREP='/usr/bin/grep'
HAVE_VALGRIND=''
INSTALL_DATA='${INSTALL} -m 644'
INSTALL_PROGRAM='${INSTALL}'
INSTALL_SCRIPT='${INSTALL}'
INSTALL_STRIP_PROGRAM='$(install_sh) -c -s'
LD='/usr/i686-pc-cygwin/bin/ld.exe'
LDFLAGS=''
LIBOBJS=''
LIBS=''
LIBTOOL='$(SHELL) $(top_builddir)/libtool'
LIPO=''
LN_S='ln -s'
LTLIBOBJS=''
MAIN_CFLAGS='-g -O2 -Wall -Wsign-compare -Wconversion'
MAKEINFO='${SHELL} /cygdrive/e/Dev/git/c-algorithms/autotools/missing makeinfo'
MANIFEST_TOOL=':'
MKDIR_P='/usr/bin/mkdir -p'
NM='/usr/bin/nm -B'
NMEDIT=''
OBJDUMP='objdump'
OBJEXT='o'
OTOOL64=''
OTOOL=''
PACKAGE='c-algorithms'
PACKAGE_BUGREPORT='fraggle@users.sourceforge.net'
PACKAGE_NAME='C Algorithms'
PACKAGE_STRING='C Algorithms 1.2.0'
PACKAGE_TARNAME='c-algorithms'
PACKAGE_URL=''
PACKAGE_VERSION='1.2.0'
PATH_SEPARATOR=':'
RANLIB='ranlib'
SED='/usr/bin/sed'
SET_MAKE=''
SHELL='/bin/sh'
STRIP='strip'
TEST_CFLAGS=' -Wall -Wsign-compare -Wconversion -O0'
USE_VALGRIND_FALSE=''
USE_VALGRIND_TRUE='#'
VERSION='1.2.0'
ac_aux_dir='autotools'
ac_ct_AR='ar'
ac_ct_CC='gcc'
ac_ct_CXX='g++'
ac_ct_DUMPBIN=''
am__EXEEXT_FALSE='#'
am__EXEEXT_TRUE=''
am__fastdepCC_FALSE='#'
am__fastdepCC_TRUE=''
am__fastdepCXX_FALSE='#'
am__fastdepCXX_TRUE=''
am__include='include'
am__isrc=''
am__leading_dot='.'
am__nodep='_no'
am__quote=''
am__tar='$${TAR-tar} chof - "$$tardir"'
am__untar='$${TAR-tar} xf -'
bindir='${exec_prefix}/bin'
build='i686-pc-cygwin'
build_alias=''
build_cpu='i686'
build_os='cygwin'
build_vendor='pc'
datadir='${datarootdir}'
datarootdir='${prefix}/share'
docdir='${datarootdir}/doc/${PACKAGE_TARNAME}'
dvidir='${docdir}'
exec_prefix='${prefix}'
host='i686-pc-cygwin'
host_alias=''
host_cpu='i686'
host_os='cygwin'
host_vendor='pc'
htmldir='${docdir}'
includedir='${prefix}/include'
infodir='${datarootdir}/info'
install_sh='${SHELL} /cygdrive/e/Dev/git/c-algorithms/autotools/install-sh'
libdir='${exec_prefix}/lib'
libexecdir='${exec_prefix}/libexec'
localedir='${datarootdir}/locale'
localstatedir='${prefix}/var'
mandir='${datarootdir}/man'
mkdir_p='$(MKDIR_P)'
oldincludedir='/usr/include'
pdfdir='${docdir}'
prefix='/usr/local'
program_transform_name='s,x,x,'
psdir='${docdir}'
sbindir='${exec_prefix}/sbin'
sharedstatedir='${prefix}/com'
sysconfdir='${prefix}/etc'
target_alias=''

## ----------- ##
## confdefs.h. ##
## ----------- ##

/* confdefs.h */
#define PACKAGE_NAME "C Algorithms"
#define PACKAGE_TARNAME "c-algorithms"
#define PACKAGE_VERSION "1.2.0"
#define PACKAGE_STRING "C Algorithms 1.2.0"
#define PACKAGE_BUGREPORT "fraggle@users.sourceforge.net"
#define PACKAGE_URL ""
#define STDC_HEADERS 1
#define HAVE_SYS_TYPES_H 1
#define HAVE_SYS_STAT_H 1
#define HAVE_STDLIB_H 1
#define HAVE_STRING_H 1
#define HAVE_MEMORY_H 1
#define HAVE_STRINGS_H 1
#define HAVE_INTTYPES_H 1
#define HAVE_STDINT_H 1
#define HAVE_UNISTD_H 1
#define HAVE_DLFCN_H 1
#define LT_OBJDIR ".libs/"

configure: exit 0
